This is XeTeX, Version 3.141592653-2.6-0.999993 (TeX Live 2021/W32TeX) (preloaded format=xelatex 2022.2.23)  20 FEB 2023 16:04
entering extended mode
 restricted \write18 enabled.
 %&-line parsing enabled.
**smp.tex
(./smp.tex
LaTeX2e <2021-11-15> patch level 1
L3 programming layer <2022-02-21>

! LaTeX Error: File `scrartcl.cls' not found.

Type X to quit or <RETURN> to proceed,
or enter new name. (Default extension: cls)

Enter file name: 
! Emergency stop.
<read *> 
         
l.10 ^^M
         
Here is how much of TeX's memory you used:
 31 strings out of 478156
 535 string characters out of 5851513
 290436 words of memory out of 5000000
 20760 multiletter control sequences out of 15000+600000
 469259 words of font info for 28 fonts, out of 8000000 for 9000
 14 hyphenation exceptions out of 8191
 19i,0n,29p,101b,17s stack positions out of 5000i,500n,10000p,200000b,80000s

No pages of output.
